This file contains any messages produced by compilers while
running configure, to aid debugging if configure makes a mistake.

It was created by configure, which was
generated by GNU Autoconf 2.69.  Invocation command line was

  $ ./configure --prefix=/user/7/gauthfra/Multimedia/runtime --no-create --no-recursion

## --------- ##
## Platform. ##
## --------- ##

hostname = ensipc518
uname -m = x86_64
uname -r = 3.10.0-862.14.4.el7.x86_64
uname -s = Linux
uname -v = #1 SMP Wed Sep 26 15:12:11 UTC 2018

/usr/bin/uname -p = x86_64
/bin/uname -X     = unknown

/bin/arch              = x86_64
/usr/bin/arch -k       = unknown
/usr/convex/getsysinfo = unknown
/usr/bin/hostinfo      = unknown
/bin/machine           = unknown
/usr/bin/oslevel       = unknown
/bin/universe          = unknown

PATH: /user/7/gauthfra/Projet_GL/src/test/script/launchers
PATH: /user/7/gauthfra/Projet_GL/src/test/script
PATH: /user/7/gauthfra/Projet_GL/src/main/bin
PATH: /matieres/4MMPGL/GL/global/bin
PATH: /opt/oracle
PATH: /opt/use/bin
PATH: /usr/local/texlive/2016/bin/x86_64-linux
PATH: /opt/rust/bin
PATH: /usr/local/bin-python3
PATH: /opt/oracle
PATH: /opt/opam/system/bin
PATH: /usr/java/jdk1.8.0_92/bin
PATH: /usr/lib64/openmpi/bin
PATH: /opt/emacs-26.1/bin
PATH: /user/7/gauthfra/Projet_GL/src/test/script/launchers
PATH: /user/7/gauthfra/Projet_GL/src/test/script
PATH: /user/7/gauthfra/Projet_GL/src/main/bin
PATH: /matieres/4MMPGL/GL/global/bin
PATH: /opt/oracle
PATH: /opt/use/bin
PATH: /usr/local/texlive/2016/bin/x86_64-linux
PATH: /opt/rust/bin
PATH: /usr/lib64/qt-3.3/bin
PATH: /usr/local/bin-python3
PATH: /opt/oracle
PATH: /opt/opam/system/bin
PATH: /usr/java/jdk1.8.0_92/bin
PATH: /usr/lib64/openmpi/bin
PATH: /opt/emacs-26.1/bin
PATH: /usr/local/bin
PATH: /usr/local/sbin
PATH: /usr/bin
PATH: /usr/sbin
PATH: /bin
PATH: /sbin
PATH: /opt/avispa-1.1
PATH: /opt/exercism
PATH: /opt/gradle/gradle-4.10.2/bin
PATH: /opt/mongodb/bin
PATH: /opt/simgrid/bin
PATH: /opt/mips-tools-cep/bin
PATH: /opt/mips-tools-cep/bin
PATH: /user/7/gauthfra/bin
PATH: /opt/mips-tools-cep/bin
PATH: /opt/avispa-1.1
PATH: /opt/exercism
PATH: /opt/gradle/gradle-4.10.2/bin
PATH: /opt/mongodb/bin
PATH: /opt/simgrid/bin
PATH: /opt/mips-tools-cep/bin


## ----------- ##
## Core tests. ##
## ----------- ##

configure:1909: checking build system type
configure:1923: result: x86_64-unknown-linux-gnu
configure:1943: checking host system type
configure:1956: result: x86_64-unknown-linux-gnu
configure:1976: checking target system type
configure:1989: result: x86_64-unknown-linux-gnu
configure:2031: checking for a BSD-compatible install
configure:2099: result: /usr/bin/install -c
configure:2110: checking whether build environment is sane
configure:2147: result: yes
configure:2159: checking whether make sets $(MAKE)
configure:2181: result: yes
configure:2211: checking for working aclocal-1.4
configure:2222: result: missing
configure:2226: checking for working autoconf
configure:2233: result: found
configure:2241: checking for working automake-1.4
configure:2252: result: missing
configure:2256: checking for working autoheader
configure:2263: result: found
configure:2271: checking for working makeinfo
configure:2278: result: found
configure:2399: checking for ranlib
configure:2415: found /usr/bin/ranlib
configure:2426: result: ranlib
configure:2496: checking for gcc
configure:2512: found /usr/bin/gcc
configure:2523: result: gcc
configure:2752: checking for C compiler version
configure:2761: gcc --version >&5
gcc (GCC) 4.8.5 20150623 (Red Hat 4.8.5-28)
Copyright (C) 2015 Free Software Foundation, Inc.
This is free software; see the source for copying conditions.  There is NO
warranty; not even for MERCHANTABILITY or FITNESS FOR A PARTICULAR PURPOSE.

configure:2772: $? = 0
configure:2761: gcc -v >&5
Using built-in specs.
COLLECT_GCC=gcc
COLLECT_LTO_WRAPPER=/usr/libexec/gcc/x86_64-redhat-linux/4.8.5/lto-wrapper
Target: x86_64-redhat-linux
Configured with: ../configure --prefix=/usr --mandir=/usr/share/man --infodir=/usr/share/info --with-bugurl=http://bugzilla.redhat.com/bugzilla --enable-bootstrap --enable-shared --enable-threads=posix --enable-checking=release --with-system-zlib --enable-__cxa_atexit --disable-libunwind-exceptions --enable-gnu-unique-object --enable-linker-build-id --with-linker-hash-style=gnu --enable-languages=c,c++,objc,obj-c++,java,fortran,ada,go,lto --enable-plugin --enable-initfini-array --disable-libgcj --with-isl=/builddir/build/BUILD/gcc-4.8.5-20150702/obj-x86_64-redhat-linux/isl-install --with-cloog=/builddir/build/BUILD/gcc-4.8.5-20150702/obj-x86_64-redhat-linux/cloog-install --enable-gnu-indirect-function --with-tune=generic --with-arch_32=x86-64 --build=x86_64-redhat-linux
Thread model: posix
gcc version 4.8.5 20150623 (Red Hat 4.8.5-28) (GCC) 
configure:2772: $? = 0
configure:2761: gcc -V >&5
gcc: error: unrecognized command line option '-V'
gcc: fatal error: no input files
compilation terminated.
configure:2772: $? = 4
configure:2761: gcc -qversion >&5
gcc: error: unrecognized command line option '-qversion'
gcc: fatal error: no input files
compilation terminated.
configure:2772: $? = 4
configure:2792: checking whether the C compiler works
configure:2814: gcc    conftest.c  >&5
configure:2818: $? = 0
configure:2866: result: yes
configure:2869: checking for C compiler default output file name
configure:2871: result: a.out
configure:2877: checking for suffix of executables
configure:2884: gcc -o conftest    conftest.c  >&5
configure:2888: $? = 0
configure:2910: result: 
configure:2932: checking whether we are cross compiling
configure:2940: gcc -o conftest    conftest.c  >&5
configure:2944: $? = 0
configure:2951: ./conftest
configure:2955: $? = 0
configure:2970: result: no
configure:2975: checking for suffix of object files
configure:2997: gcc -c   conftest.c >&5
configure:3001: $? = 0
configure:3022: result: o
configure:3026: checking whether we are using the GNU C compiler
configure:3045: gcc -c   conftest.c >&5
configure:3045: $? = 0
configure:3054: result: yes
configure:3063: checking whether gcc accepts -g
configure:3083: gcc -c -g  conftest.c >&5
configure:3083: $? = 0
configure:3124: result: yes
configure:3141: checking for gcc option to accept ISO C89
configure:3204: gcc  -c -g -O2  conftest.c >&5
configure:3204: $? = 0
configure:3217: result: none needed
configure:3248: checking for ld used by GCC
configure:3306: result: /usr/bin/ld
configure:3313: checking if the linker (/usr/bin/ld) is GNU ld
GNU ld version 2.27-28.base.el7_5.1
configure:3325: result: yes
configure:3329: checking for BSD-compatible nm
configure:3363: result: /usr/bin/nm -B
configure:3366: checking whether ln -s works
configure:3370: result: yes
ltconfig:603: checking for object suffix
ltconfig:604: gcc -c -g -O2  conftest.c 1>&5
ltconfig:629: checking for executable suffix
ltconfig:630: gcc -o conftest -g -O2   conftest.c  1>&5
ltconfig:776: checking if gcc PIC flag -fPIC works
ltconfig:777: gcc -c -g -O2 -fPIC -DPIC  conftest.c 1>&5
ltconfig:829: checking if gcc supports -c -o file.o
ltconfig:830: gcc -c -g -O2 -o out/conftest2.o  conftest.c 1>&5
ltconfig:862: checking if gcc supports -c -o file.lo
ltconfig:863: gcc -c -g -O2 -c -o conftest.lo  conftest.c 1>&5
ltconfig:914: checking if gcc supports -fno-rtti -fno-exceptions
ltconfig:915: gcc -c -g -O2 -fno-rtti -fno-exceptions -c conftest.c  conftest.c 1>&5
ltconfig:958: checking if gcc static flag -static works
ltconfig:959: gcc -o conftest -g -O2   -static conftest.c  1>&5
/usr/bin/ld: cannot find -lc
collect2: error: ld returned 1 exit status
GNU ld version 2.27-28.base.el7_5.1
ltconfig:1592: checking if global_symbol_pipe works
ltconfig:1593: gcc -c -g -O2  conftest.c 1>&5
ltconfig:1596: eval "/usr/bin/nm -B conftest.o | sed -n -e 's/^.*[ 	]\([ABCDGISTW]\)[ 	][ 	]*\(\)\([_A-Za-z][_A-Za-z0-9]*\)$/\1 \2\3 \3/p' > conftest.nm"
ltconfig:1648: gcc -o conftest -g -O2 -fno-builtin   conftest.c conftstm.o 1>&5
configure:3592: checking whether make sets $(MAKE)
configure:3614: result: yes
configure:3671: checking for gcc
configure:3698: result: gcc
configure:3927: checking for C compiler version
configure:3936: gcc --version >&5
gcc (GCC) 4.8.5 20150623 (Red Hat 4.8.5-28)
Copyright (C) 2015 Free Software Foundation, Inc.
This is free software; see the source for copying conditions.  There is NO
warranty; not even for MERCHANTABILITY or FITNESS FOR A PARTICULAR PURPOSE.

configure:3947: $? = 0
configure:3936: gcc -v >&5
Using built-in specs.
COLLECT_GCC=gcc
COLLECT_LTO_WRAPPER=/usr/libexec/gcc/x86_64-redhat-linux/4.8.5/lto-wrapper
Target: x86_64-redhat-linux
Configured with: ../configure --prefix=/usr --mandir=/usr/share/man --infodir=/usr/share/info --with-bugurl=http://bugzilla.redhat.com/bugzilla --enable-bootstrap --enable-shared --enable-threads=posix --enable-checking=release --with-system-zlib --enable-__cxa_atexit --disable-libunwind-exceptions --enable-gnu-unique-object --enable-linker-build-id --with-linker-hash-style=gnu --enable-languages=c,c++,objc,obj-c++,java,fortran,ada,go,lto --enable-plugin --enable-initfini-array --disable-libgcj --with-isl=/builddir/build/BUILD/gcc-4.8.5-20150702/obj-x86_64-redhat-linux/isl-install --with-cloog=/builddir/build/BUILD/gcc-4.8.5-20150702/obj-x86_64-redhat-linux/cloog-install --enable-gnu-indirect-function --with-tune=generic --with-arch_32=x86-64 --build=x86_64-redhat-linux
Thread model: posix
gcc version 4.8.5 20150623 (Red Hat 4.8.5-28) (GCC) 
configure:3947: $? = 0
configure:3936: gcc -V >&5
gcc: error: unrecognized command line option '-V'
gcc: fatal error: no input files
compilation terminated.
configure:3947: $? = 4
configure:3936: gcc -qversion >&5
gcc: error: unrecognized command line option '-qversion'
gcc: fatal error: no input files
compilation terminated.
configure:3947: $? = 4
configure:3951: checking whether we are using the GNU C compiler
configure:3979: result: yes
configure:3988: checking whether gcc accepts -g
configure:4049: result: yes
configure:4066: checking for gcc option to accept ISO C89
configure:4142: result: none needed
configure:4162: checking for inline
configure:4178: gcc -c -g -O2  conftest.c >&5
configure:4178: $? = 0
configure:4186: result: inline
configure:4204: checking for an ANSI C-conforming const
configure:4270: gcc -c -g -O2  conftest.c >&5
configure:4270: $? = 0
configure:4277: result: yes
configure:4325: checking for sqrt in -lm
configure:4350: gcc -o conftest -g -O2   conftest.c -lm   >&5
conftest.c:18:6: warning: conflicting types for built-in function 'sqrt' [enabled by default]
 char sqrt ();
      ^
configure:4350: $? = 0
configure:4359: result: yes
configure:4659: creating ./config.status

## ---------------- ##
## Cache variables. ##
## ---------------- ##

ac_cv_build=x86_64-unknown-linux-gnu
ac_cv_c_compiler_gnu=yes
ac_cv_c_const=yes
ac_cv_c_inline=inline
ac_cv_env_CC_set=
ac_cv_env_CC_value=
ac_cv_env_CFLAGS_set=
ac_cv_env_CFLAGS_value=
ac_cv_env_CPPFLAGS_set=
ac_cv_env_CPPFLAGS_value=
ac_cv_env_LDFLAGS_set=
ac_cv_env_LDFLAGS_value=
ac_cv_env_LIBS_set=
ac_cv_env_LIBS_value=
ac_cv_env_build_alias_set=
ac_cv_env_build_alias_value=
ac_cv_env_host_alias_set=
ac_cv_env_host_alias_value=
ac_cv_env_target_alias_set=
ac_cv_env_target_alias_value=
ac_cv_host=x86_64-unknown-linux-gnu
ac_cv_lib_m_sqrt=yes
ac_cv_objext=o
ac_cv_path_LD=/usr/bin/ld
ac_cv_path_NM='/usr/bin/nm -B'
ac_cv_path_install='/usr/bin/install -c'
ac_cv_prog_ac_ct_CC=gcc
ac_cv_prog_ac_ct_RANLIB=ranlib
ac_cv_prog_cc_c89=
ac_cv_prog_cc_g=yes
ac_cv_prog_gnu_ld=yes
ac_cv_prog_make_make_set=yes
ac_cv_target=x86_64-unknown-linux-gnu

## ----------------- ##
## Output variables. ##
## ----------------- ##

ACLOCAL='/user/7/gauthfra/Multimedia/libit/missing aclocal-1.4'
AUTOCONF='autoconf'
AUTOHEADER='autoheader'
AUTOMAKE='/user/7/gauthfra/Multimedia/libit/missing automake-1.4'
BINARY_AGE='0'
CC='gcc'
CFLAGS='-g -O2 -Wall -fexpensive-optimizations -funroll-loops -fomit-frame-pointer -DNDEBUG -Wall -fexpensive-optimizations -funroll-loops -fomit-frame-pointer -I$(top_srcdir)/include'
CPPFLAGS=''
DEFS='-DPACKAGE_NAME=\"\" -DPACKAGE_TARNAME=\"\" -DPACKAGE_VERSION=\"\" -DPACKAGE_STRING=\"\" -DPACKAGE_BUGREPORT=\"\" -DPACKAGE_URL=\"\" -DPACKAGE=\"libit\" -DVERSION=\"0.2.3\"'
ECHO_C=''
ECHO_N='-n'
ECHO_T=''
EXEEXT=''
INSTALL_DATA='${INSTALL} -m 644'
INSTALL_PROGRAM='${INSTALL}'
INSTALL_SCRIPT='${INSTALL}'
INTERFACE_AGE='0'
IT_RLD_FLAGS='-Wl,-rpath,${exec_prefix}/lib'
LDFLAGS=''
LIBOBJS=''
LIBS=' -lm'
LIBTOOL='$(SHELL) $(top_builddir)/libtool'
LN_S='ln -s'
LTLIBOBJS=''
LT_AGE='0'
LT_CURRENT='3'
LT_RELEASE='0.2'
LT_REVISION='0'
MAJOR_VERSION='0'
MAKEINFO='makeinfo'
MICRO_VERSION='3'
MINOR_VERSION='2'
OBJEXT='o'
PACKAGE='libit'
PACKAGE_BUGREPORT=''
PACKAGE_NAME=''
PACKAGE_STRING=''
PACKAGE_TARNAME=''
PACKAGE_URL=''
PACKAGE_VERSION=''
PATH_SEPARATOR=':'
RANLIB='ranlib'
SET_MAKE=''
SHELL='/bin/sh'
VERSION='0.2.3'
ac_ct_CC='gcc'
bindir='${exec_prefix}/bin'
build='x86_64-unknown-linux-gnu'
build_alias=''
build_cpu='x86_64'
build_os='linux-gnu'
build_vendor='unknown'
datadir='${datarootdir}'
datarootdir='${prefix}/share'
docdir='${datarootdir}/doc/${PACKAGE}'
dvidir='${docdir}'
exec_prefix='${prefix}'
host='x86_64-unknown-linux-gnu'
host_alias=''
host_cpu='x86_64'
host_os='linux-gnu'
host_vendor='unknown'
htmldir='${docdir}'
includedir='${prefix}/include'
infodir='${datarootdir}/info'
libdir='${exec_prefix}/lib'
libexecdir='${exec_prefix}/libexec'
localedir='${datarootdir}/locale'
localstatedir='${prefix}/var'
mandir='${datarootdir}/man'
oldincludedir='/usr/include'
pdfdir='${docdir}'
prefix='/user/7/gauthfra/Multimedia/runtime'
program_transform_name='s,x,x,'
psdir='${docdir}'
sbindir='${exec_prefix}/sbin'
sharedstatedir='${prefix}/com'
sysconfdir='${prefix}/etc'
target='x86_64-unknown-linux-gnu'
target_alias=''
target_cpu='x86_64'
target_os='linux-gnu'
target_vendor='unknown'

## ----------- ##
## confdefs.h. ##
## ----------- ##

/* confdefs.h */
#define PACKAGE_NAME ""
#define PACKAGE_TARNAME ""
#define PACKAGE_VERSION ""
#define PACKAGE_STRING ""
#define PACKAGE_BUGREPORT ""
#define PACKAGE_URL ""
#define PACKAGE "libit"
#define VERSION "0.2.3"

configure: exit 0

## ---------------------- ##
## Running config.status. ##
## ---------------------- ##

This file was extended by config.status, which was
generated by GNU Autoconf 2.69.  Invocation command line was

  CONFIG_FILES    = Makefile
  CONFIG_HEADERS  = 
  CONFIG_LINKS    = 
  CONFIG_COMMANDS = 
  $ ./config.status 

on ensipc518

config.status:765: creating Makefile
config.status:868: WARNING:  'Makefile.in' seems to ignore the --datarootdir setting

## ---------------------- ##
## Running config.status. ##
## ---------------------- ##

This file was extended by config.status, which was
generated by GNU Autoconf 2.69.  Invocation command line was

  CONFIG_FILES    = doc/Makefile
  CONFIG_HEADERS  = 
  CONFIG_LINKS    = 
  CONFIG_COMMANDS = 
  $ ./config.status 

on ensipc518

config.status:765: creating doc/Makefile
config.status:868: WARNING:  'doc/Makefile.in' seems to ignore the --datarootdir setting

## ---------------------- ##
## Running config.status. ##
## ---------------------- ##

This file was extended by config.status, which was
generated by GNU Autoconf 2.69.  Invocation command line was

  CONFIG_FILES    = src/Makefile
  CONFIG_HEADERS  = 
  CONFIG_LINKS    = 
  CONFIG_COMMANDS = 
  $ ./config.status 

on ensipc518

config.status:765: creating src/Makefile
config.status:868: WARNING:  'src/Makefile.in' seems to ignore the --datarootdir setting

## ---------------------- ##
## Running config.status. ##
## ---------------------- ##

This file was extended by config.status, which was
generated by GNU Autoconf 2.69.  Invocation command line was

  CONFIG_FILES    = include/Makefile
  CONFIG_HEADERS  = 
  CONFIG_LINKS    = 
  CONFIG_COMMANDS = 
  $ ./config.status 

on ensipc518

config.status:765: creating include/Makefile
config.status:868: WARNING:  'include/Makefile.in' seems to ignore the --datarootdir setting

## ---------------------- ##
## Running config.status. ##
## ---------------------- ##

This file was extended by config.status, which was
generated by GNU Autoconf 2.69.  Invocation command line was

  CONFIG_FILES    = include/it/Makefile
  CONFIG_HEADERS  = 
  CONFIG_LINKS    = 
  CONFIG_COMMANDS = 
  $ ./config.status 

on ensipc518

config.status:765: creating include/it/Makefile
config.status:868: WARNING:  'include/it/Makefile.in' seems to ignore the --datarootdir setting


## ---------------------- ##
## Running config.status. ##
## ---------------------- ##

This file was extended by config.status, which was
generated by GNU Autoconf 2.69.  Invocation command line was

  CONFIG_FILES    = libit.m4
  CONFIG_HEADERS  = 
  CONFIG_LINKS    = 
  CONFIG_COMMANDS = 
  $ ./config.status 

on ensipc518

## ---------------------- ##
## Running config.status. ##
## ---------------------- ##

This file was extended by config.status, which was
generated by GNU Autoconf 2.69.  Invocation command line was

  CONFIG_FILES    = libit-config
  CONFIG_HEADERS  = 
  CONFIG_LINKS    = 
  CONFIG_COMMANDS = 
  $ ./config.status 

on ensipc518

config.status:765: creating libit.m4
config.status:765: creating libit-config
